<?xml version="1.0" encoding="UTF-8"?>
<testsuite name="tracker.SampleTest" tests="1" skipped="0" failures="0" errors="0" timestamp="2023-11-28T21:25:50" hostname="DESKTOP-2690O6K" time="0.001">
  <properties/>
  <testcase name="test()" classname="tracker.SampleTest" time="0.001"/>
  <system-out><![CDATA[]]></system-out>
  <system-err><![CDATA[]]></system-err>
</testsuite>
