<?xml version="1.0" encoding="UTF-8"?>
<testsuite name="LearningProgressTrackerTest" tests="1" skipped="0" failures="0" errors="0" timestamp="2023-11-27T20:44:37" hostname="DESKTOP-2690O6K" time="0.687">
  <properties/>
  <testcase name="start" classname="LearningProgressTrackerTest" time="0.687"/>
  <system-out><![CDATA[?[1;31m
Start test 1?[0m
Learning Progress Tracker
> back
Enter 'exit' to exit the program.
> exit
Bye!
?[1;31m
Start test 2?[0m
Learning Progress Tracker
> 
No input.
?[1;31m
Start test 3?[0m
Learning Progress Tracker
>   
No input.
?[1;31m
Start test 4?[0m
Learning Progress Tracker
> 	
No input.
?[1;31m
Start test 5?[0m
Learning Progress Tracker
>  	
No input.
?[1;31m
Start test 6?[0m
Learning Progress Tracker
> abc
Unknown command!
?[1;31m
Start test 7?[0m
Learning Progress Tracker
> quit
Unknown command!
?[1;31m
Start test 8?[0m
Learning Progress Tracker
>   brexit 
Unknown command!
?[1;31m
Start test 9?[0m
Learning Progress Tracker
> exi  t
Unknown command!
?[1;31m
Start test 10?[0m
Learning Progress Tracker
> ?
Unknown command!
?[1;31m
Start test 11?[0m
Learning Progress Tracker
> break
Unknown command!
?[1;31m
Start test 12?[0m
Learning Progress Tracker
> -exit
Unknown command!
?[1;31m
Start test 13?[0m
Learning Progress Tracker
> Ctrl+C
Unknown command!
?[1;31m
Start test 14?[0m
Learning Progress Tracker
> exit please
Unknown command!
?[1;31m
Start test 15?[0m
Learning Progress Tracker
> :q
Unknown command!
?[1;31m
Start test 16?[0m
Learning Progress Tracker
> add students
Enter student credentials or 'back' to return:
> exit
Incorrect credentials.
> back
Total 0 students have been added.
> back
Enter 'exit' to exit the program.
> exit
Bye!
?[1;31m
Start test 17?[0m
Learning Progress Tracker
> add students
Enter student credentials or 'back' to return:
> John Smith jsmith@hotmail.com
The student has been added.
> Anny Doolittle anny.md@mail.edu
The student has been added.
> Jean-Claude O'Connor jcda123@google.net
The student has been added.
> Mary Emelianenko 125367at@zzz90.z9
The student has been added.
> Al Owen u15da125@a1s2f4f7.a1c2c5s4
The student has been added.
> Robert Jemison Van de Graaff robertvdgraaff@mit.edu
The student has been added.
> Ed Eden a1@a1.a1
The student has been added.
> na'me s-u ii@ii.ii
The student has been added.
> n'a me su aa-b'b ab@ab.ab
The student has been added.
> nA me 1@1.1
The student has been added.
> back
Total 10 students have been added.
?[1;31m
Start test 18?[0m
Learning Progress Tracker
> add students
Enter student credentials or 'back' to return:
> 
Incorrect credentials.
>  	
Incorrect credentials.
> name surname
Incorrect credentials.
> n surname email@email.xyz
Incorrect first name.

> 'name surname email@email.xyz
Incorrect first name.

> -name surname email@email.xyz
Incorrect first name.

> name- surname email@email.xyz
Incorrect first name.

> name' surname email@email.xyz
Incorrect first name.

> nam-'e surname email@email.xyz
Incorrect first name.

> na'-me surname email@email.xyz
Incorrect first name.

> na--me surname email@email.xyz
Incorrect first name.

> na''me surname email@email.xyz
Incorrect first name.

> námé surname email@email.xyz
Incorrect first name.

> name s email@email.xyz
Incorrect last name.

> name -surname email@email.xyz
Incorrect last name.

> name 'surname email@email.xyz
Incorrect last name.

> name surnam''e email@email.xyz
Incorrect last name.

> name surn--ame email@email.xyz
Incorrect last name.

> name s'-urname email@email.xyz
Incorrect last name.

> name su-'rname email@email.xyz
Incorrect last name.

> name surname- email@email.xyz
Incorrect last name.

> name surname' email@email.xyz
Incorrect last name.

> name surnámé email@email.xyz
Incorrect last name.

> name surname emailemail.xyz
Incorrect email.

> name surname email@emailxyz
Incorrect email.

> name surname email@e@mail.xyz
Incorrect email.

> back
Total 0 students have been added.
?[1;31m
Start test 19?[0m
Learning Progress Tracker
> add students
Enter student credentials or 'back' to return:
> back
Total 0 students have been added.
> list
No students found
?[1;31m
Start test 20?[0m
Learning Progress Tracker
> add students
Enter student credentials or 'back' to return:
> Hedwig Wally address1@mail.com
The student has been added.
> Hedwig Wally address1@mail.com
This email is already taken.
> Brandise Hardan address2@mail.com
The student has been added.
> Brandise Hardan address2@mail.com
This email is already taken.
> Starlin Griz address3@mail.com
The student has been added.
> Starlin Griz address3@mail.com
This email is already taken.
> Gwenette Kironde address4@mail.com
The student has been added.
> Gwenette Kironde address4@mail.com
This email is already taken.
> Elysha Quinlan address5@mail.com
The student has been added.
> Elysha Quinlan address5@mail.com
This email is already taken.
> Carmella Campman address6@mail.com
The student has been added.
> Carmella Campman address6@mail.com
This email is already taken.
> Alexina Belcher address7@mail.com
The student has been added.
> Alexina Belcher address7@mail.com
This email is already taken.
> Amye Uriisa address8@mail.com
The student has been added.
> Amye Uriisa address8@mail.com
This email is already taken.
> Shoshana Utica address9@mail.com
The student has been added.
> Shoshana Utica address9@mail.com
This email is already taken.
> Van Fawnia address10@mail.com
The student has been added.
> Van Fawnia address10@mail.com
This email is already taken.
> Elwira Florrie address11@mail.com
The student has been added.
> Elwira Florrie address11@mail.com
This email is already taken.
> Natka Herculie address12@mail.com
The student has been added.
> Natka Herculie address12@mail.com
This email is already taken.
> back
Total 12 students have been added.
?[1;31m
Start test 21?[0m
Learning Progress Tracker
> add students
Enter student credentials or 'back' to return:
> Elysha Quinlan address1@mail.com
The student has been added.
> Olga Rosanne address2@mail.com
The student has been added.
> Trixie Winer address3@mail.com
The student has been added.
> Van Fawnia address4@mail.com
The student has been added.
> Brandise Hardan address5@mail.com
The student has been added.
> Dolley Panther address6@mail.com
The student has been added.
> Aurie Dorisa address7@mail.com
The student has been added.
> Dalia Gleeson address8@mail.com
The student has been added.
> Karee Antoinetta address9@mail.com
The student has been added.
> Amye Uriisa address10@mail.com
The student has been added.
> Francesca Francis address11@mail.com
The student has been added.
> Beatrisa Jegar address12@mail.com
The student has been added.
> back
Total 12 students have been added.
> list
Students:
1
2
3
4
5
6
7
8
9
10
11
12
?[1;31m
Start test 22?[0m
Learning Progress Tracker
> add points
Enter an id and points or 'back' to return
> back
> back
Enter 'exit' to exit the program.
> exit
Bye!
?[1;31m
Start test 23?[0m
Learning Progress Tracker
> add students
Enter student credentials or 'back' to return:
> Beatrisa Jegar address1@mail.com
The student has been added.
> Elysha Quinlan address2@mail.com
The student has been added.
> Aurie Dorisa address3@mail.com
The student has been added.
> Brandise Hardan address4@mail.com
The student has been added.
> Dalia Gleeson address5@mail.com
The student has been added.
> Alexina Belcher address6@mail.com
The student has been added.
> back
Total 6 students have been added.
> list
Students:
1
2
3
4
5
6
> add points
Enter an id and points or 'back' to return
> 1 
Incorrect points format
> 1 -1 1 1 1
Incorrect points format
> 1 1 1 2 A
Incorrect points format
> 1 1 1 1
Incorrect points format
> 1 1 1 1 1 1
Incorrect points format
> imsurethereisnosuchstudentid 1 1 1 1
No student is found for id=imsurethereisnosuchstudentidIncorrect points format
?[1;31m
Start test 24?[0m
Learning Progress Tracker
> add students
Enter student credentials or 'back' to return:
> Brandise Hardan address1@mail.com
The student has been added.
> Elysha Quinlan address2@mail.com
The student has been added.
> Natka Herculie address3@mail.com
The student has been added.
> Francesca Francis address4@mail.com
The student has been added.
> Dalia Gleeson address5@mail.com
The student has been added.
> Ann Agnella address6@mail.com
The student has been added.
> back
Total 6 students have been added.
> list
Students:
1
2
3
4
5
6
> add points
Enter an id and points or 'back' to return
> 1 8 10 1 2
Points updated
> 2 5 4 9 3
Points updated
> 3 9 2 1 4
Points updated
> 4 3 10 10 5
Points updated
> 5 1 3 2 8
Points updated
> 6 7 2 9 3
Points updated
?[1;31m
Start test 25?[0m
Learning Progress Tracker
> find
Enter an id and points or 'back' to return
> back
> back
Enter 'exit' to exit the program.
> exit
Bye!
?[1;31m
Start test 26?[0m
Learning Progress Tracker
> add students
Enter student credentials or 'back' to return:
> Olga Rosanne address1@mail.com
The student has been added.
> Van Fawnia address2@mail.com
The student has been added.
> Ann Agnella address3@mail.com
The student has been added.
> Elwira Florrie address4@mail.com
The student has been added.
> Natka Herculie address5@mail.com
The student has been added.
> back
Total 5 students have been added.
> list
Students:
1
2
3
4
5
> add points
Enter an id and points or 'back' to return
> 1 0 0 0 0
Points updated
> 1 0 0 0 0
Points updated
> 2 1 1 1 1
Points updated
> 2 1 1 1 1
Points updated
> 3 2 2 2 2
Points updated
> 3 2 2 2 2
Points updated
> 4 3 3 3 3
Points updated
> 4 3 3 3 3
Points updated
> 5 4 4 4 4
Points updated
> 5 4 4 4 4
Points updated
> back
> find
Enter an id and points or 'back' to return
> 1
1 points: Java=0; DSA=0; Databases=0; Spring=0
> 2
2 points: Java=2; DSA=2; Databases=2; Spring=2
> 3
3 points: Java=4; DSA=4; Databases=4; Spring=4
> 4
4 points: Java=6; DSA=6; Databases=6; Spring=6
> 5
5 points: Java=8; DSA=8; Databases=8; Spring=8
]]></system-out>
  <system-err><![CDATA[]]></system-err>
</testsuite>
